This is pdfTeX, Version 3.14159265-2.6-1.40.15 (TeX Live 2014) (preloaded format=latex 2014.8.26)  17 SEP 2014 11:40
entering extended mode
 restricted \write18 enabled.
 %&-line parsing enabled.
**/Users/eli/github/euler/060/main.py
(/Users/eli/github/euler/060/main.py
LaTeX2e <2014/05/01>
Babel <3.9k> and hyphenation patterns for 78 languages loaded.
! You can't use `macro parameter character #' in vertical mode.
l.1 #
     !/usr/bin/python
? 
! Emergency stop.
l.1 #
     !/usr/bin/python
End of file on the terminal!

 
Here is how much of TeX's memory you used:
 7 strings out of 493118
 198 string characters out of 6135459
 52906 words of memory out of 5000000
 3568 multiletter control sequences out of 15000+600000
 3640 words of font info for 14 fonts, out of 8000000 for 9000
 1141 hyphenation exceptions out of 8191
 5i,0n,1p,56b,8s stack positions out of 5000i,500n,10000p,200000b,80000s
No pages of output.
